10c7ef2f-3971-4e1a-82ad-da765a6d2d6b:1|STARTING|1705036424097
10c7ef2f-3971-4e1a-82ad-da765a6d2d6b:1|PREPARING|1705036424155
10c7ef2f-3971-4e1a-82ad-da765a6d2d6b:1|COMMITTING|1705036424160
10c7ef2f-3971-4e1a-82ad-da765a6d2d6b:1|COMMITTING|1705036424170
10c7ef2f-3971-4e1a-82ad-da765a6d2d6b:1|COMMITTED|1705036424182
10c7ef2f-3971-4e1a-82ad-da765a6d2d6b:1|TERMINATED|1705036424197
623db5ed-b575-4b81-a5e3-6f50495c9632:1|STARTING|1705036424692
623db5ed-b575-4b81-a5e3-6f50495c9632:1|PREPARING|1705036424698
623db5ed-b575-4b81-a5e3-6f50495c9632:1|COMMITTING|1705036424714
623db5ed-b575-4b81-a5e3-6f50495c9632:1|COMMITTING|1705036424810
623db5ed-b575-4b81-a5e3-6f50495c9632:1|COMMITTED|1705036425086
623db5ed-b575-4b81-a5e3-6f50495c9632:1|TERMINATED|1705036425288
b4602aef-429d-4e3d-8b86-421c27cde539:1|STARTING|1705036425383
b4602aef-429d-4e3d-8b86-421c27cde539:1|PREPARING|1705036425398
b4602aef-429d-4e3d-8b86-421c27cde539:1|COMMITTING|1705036425403
b4602aef-429d-4e3d-8b86-421c27cde539:1|COMMITTING|1705036425406
b4602aef-429d-4e3d-8b86-421c27cde539:1|COMMITTED|1705036425413
b4602aef-429d-4e3d-8b86-421c27cde539:1|TERMINATED|1705036425416
7d09becd-3844-4095-badd-2e56d17de6cf:1|STARTING|1705036425490
7d09becd-3844-4095-badd-2e56d17de6cf:1|PREPARING|1705036425494
7d09becd-3844-4095-badd-2e56d17de6cf:1|COMMITTING|1705036425498
7d09becd-3844-4095-badd-2e56d17de6cf:1|COMMITTING|1705036425500
7d09becd-3844-4095-badd-2e56d17de6cf:1|COMMITTED|1705036425517
7d09becd-3844-4095-badd-2e56d17de6cf:1|TERMINATED|1705036425523
77bc169e-38b0-484d-8131-cf4856d71fe9:1|STARTING|1705036425617
77bc169e-38b0-484d-8131-cf4856d71fe9:1|PREPARING|1705036425624
77bc169e-38b0-484d-8131-cf4856d71fe9:1|COMMITTING|1705036425627
77bc169e-38b0-484d-8131-cf4856d71fe9:1|COMMITTING|1705036425629
77bc169e-38b0-484d-8131-cf4856d71fe9:1|COMMITTED|1705036425729
77bc169e-38b0-484d-8131-cf4856d71fe9:1|TERMINATED|1705036425823
c52f109e-70bb-44d7-9d9c-46472440302e:1|STARTING|1705036425997
c52f109e-70bb-44d7-9d9c-46472440302e:1|PREPARING|1705036426000
c52f109e-70bb-44d7-9d9c-46472440302e:1|COMMITTING|1705036426006
c52f109e-70bb-44d7-9d9c-46472440302e:1|COMMITTING|1705036426008
c52f109e-70bb-44d7-9d9c-46472440302e:1|COMMITTED|1705036426014
c52f109e-70bb-44d7-9d9c-46472440302e:1|TERMINATED|1705036426015
853c4629-fdf6-4afb-a76e-33ebff1d0304:1|STARTING|1705036426144
853c4629-fdf6-4afb-a76e-33ebff1d0304:1|PREPARING|1705036426147
853c4629-fdf6-4afb-a76e-33ebff1d0304:1|COMMITTING|1705036426150
853c4629-fdf6-4afb-a76e-33ebff1d0304:1|COMMITTING|1705036426156
853c4629-fdf6-4afb-a76e-33ebff1d0304:1|COMMITTED|1705036426164
853c4629-fdf6-4afb-a76e-33ebff1d0304:1|TERMINATED|1705036426166
435bb36b-43a0-4ec5-926d-483c4a975688:1|STARTING|1705036426233
435bb36b-43a0-4ec5-926d-483c4a975688:1|PREPARING|1705036426236
435bb36b-43a0-4ec5-926d-483c4a975688:1|COMMITTING|1705036426259
435bb36b-43a0-4ec5-926d-483c4a975688:1|COMMITTING|1705036426285
435bb36b-43a0-4ec5-926d-483c4a975688:1|COMMITTED|1705036426296
435bb36b-43a0-4ec5-926d-483c4a975688:1|TERMINATED|1705036426306
e5d3b767-9867-4d5b-8af3-d6eece7965bf:1|STARTING|1705036426443
e5d3b767-9867-4d5b-8af3-d6eece7965bf:1|PREPARING|1705036426450
e5d3b767-9867-4d5b-8af3-d6eece7965bf:1|COMMITTING|1705036426456
e5d3b767-9867-4d5b-8af3-d6eece7965bf:1|COMMITTING|1705036426461
e5d3b767-9867-4d5b-8af3-d6eece7965bf:1|COMMITTED|1705036426479
e5d3b767-9867-4d5b-8af3-d6eece7965bf:1|TERMINATED|1705036426482
06fa3786-8044-4c34-b099-545de5b115b2:1|STARTING|1705036426632
06fa3786-8044-4c34-b099-545de5b115b2:1|PREPARING|1705036426634
06fa3786-8044-4c34-b099-545de5b115b2:1|COMMITTING|1705036426639
06fa3786-8044-4c34-b099-545de5b115b2:1|COMMITTING|1705036426642
06fa3786-8044-4c34-b099-545de5b115b2:1|COMMITTED|1705036426692
06fa3786-8044-4c34-b099-545de5b115b2:1|TERMINATED|1705036426693
cbd9331a-f653-4ece-8026-f34fdc709f04:1|STARTING|1705036426766
cbd9331a-f653-4ece-8026-f34fdc709f04:1|PREPARING|1705036426772
cbd9331a-f653-4ece-8026-f34fdc709f04:1|COMMITTING|1705036426778
cbd9331a-f653-4ece-8026-f34fdc709f04:1|COMMITTING|1705036426781
cbd9331a-f653-4ece-8026-f34fdc709f04:1|COMMITTED|1705036426793
cbd9331a-f653-4ece-8026-f34fdc709f04:1|TERMINATED|1705036426799
2a97db00-9a49-46ff-940b-3917f88259e4:1|STARTING|1705036426833
2a97db00-9a49-46ff-940b-3917f88259e4:1|PREPARING|1705036426839
2a97db00-9a49-46ff-940b-3917f88259e4:1|COMMITTING|1705036426845
2a97db00-9a49-46ff-940b-3917f88259e4:1|COMMITTING|1705036426851
2a97db00-9a49-46ff-940b-3917f88259e4:1|COMMITTED|1705036426923
2a97db00-9a49-46ff-940b-3917f88259e4:1|TERMINATED|1705036427012
1804c592-c88f-4aef-8803-ef0158f52e63:1|STARTING|1705036427137
1804c592-c88f-4aef-8803-ef0158f52e63:1|PREPARING|1705036427141
1804c592-c88f-4aef-8803-ef0158f52e63:1|COMMITTING|1705036427142
1804c592-c88f-4aef-8803-ef0158f52e63:1|COMMITTING|1705036427165
1804c592-c88f-4aef-8803-ef0158f52e63:1|COMMITTED|1705036427176
1804c592-c88f-4aef-8803-ef0158f52e63:1|TERMINATED|1705036427177
0e578b88-9a2f-45bb-8b2b-dc3bb6c94193:1|STARTING|1705036427227
0e578b88-9a2f-45bb-8b2b-dc3bb6c94193:1|PREPARING|1705036427228
0e578b88-9a2f-45bb-8b2b-dc3bb6c94193:1|COMMITTING|1705036427230
0e578b88-9a2f-45bb-8b2b-dc3bb6c94193:1|COMMITTING|1705036427232
0e578b88-9a2f-45bb-8b2b-dc3bb6c94193:1|COMMITTED|1705036427267
0e578b88-9a2f-45bb-8b2b-dc3bb6c94193:1|TERMINATED|1705036429934
e7ed2120-9498-461d-9590-d719c8113bd9:2|ABORTING|1705036456708
4fcb4e46-1a58-4efe-922e-bf1f5cef02d7:2|ABORTING|1705036456708
6685fb87-6d39-497e-af9f-edabde039dff:2|ABORTING|1705036456708
4fcb4e46-1a58-4efe-922e-bf1f5cef02d7:2|TERMINATED|1705036457156
e7ed2120-9498-461d-9590-d719c8113bd9:2|TERMINATED|1705036457154
c3d77719-c2ba-44fe-8989-57e0f07b45cb:2|ABORTING|1705036456710
ab1b4c10-63c2-4016-add3-979273340238:2|ABORTING|1705036456710
685df1d4-676b-4d83-bfdd-a3faefc19b0e:2|ABORTING|1705036456710
ab1b4c10-63c2-4016-add3-979273340238:2|TERMINATED|1705036457421
75d072da-dc49-4126-bb39-567d33ed1e15:2|ABORTING|1705036456710
d94f8c75-8582-4de4-9ea1-0f1810bacd62:2|ABORTING|1705036456709
4c2395dc-99c4-46d4-8af9-fd8c85ab4085:2|ABORTING|1705036456708
75d072da-dc49-4126-bb39-567d33ed1e15:2|TERMINATED|1705036458944
685df1d4-676b-4d83-bfdd-a3faefc19b0e:2|TERMINATED|1705036458115
c3d77719-c2ba-44fe-8989-57e0f07b45cb:2|TERMINATED|1705036457425
a4b64ccd-888c-4b5a-be23-904579110ad9:2|ABORTING|1705036457416
ef327bf0-b377-4f04-bf54-a5cc92851e38:2|ABORTING|1705036457415
6685fb87-6d39-497e-af9f-edabde039dff:2|TERMINATED|1705036457159
d5fc5190-8cd6-44cc-ba97-067678404b15:2|ABORTING|1705036457157
d94f8c75-8582-4de4-9ea1-0f1810bacd62:2|TERMINATED|1705036458945
a4b64ccd-888c-4b5a-be23-904579110ad9:2|TERMINATED|1705036459358
ef327bf0-b377-4f04-bf54-a5cc92851e38:2|TERMINATED|1705036459361
d5fc5190-8cd6-44cc-ba97-067678404b15:2|TERMINATED|1705036459360
4c2395dc-99c4-46d4-8af9-fd8c85ab4085:2|TERMINATED|1705036458948
90434b0f-72b7-4dbd-b42a-097c7daa9a54:2|ABORTING|1705036457156
90434b0f-72b7-4dbd-b42a-097c7daa9a54:2|TERMINATED|1705036460206
c2c6d174-5402-4d36-bba3-370ca31324d7:2|ABORTING|1705036470112
c2c6d174-5402-4d36-bba3-370ca31324d7:2|TERMINATED|1705036473070
5613f755-c048-4b11-a015-467e27fe6f87:1|STARTING|1705036504990
5613f755-c048-4b11-a015-467e27fe6f87:1|PREPARING|1705036504991
5613f755-c048-4b11-a015-467e27fe6f87:1|COMMITTING|1705036505007
5613f755-c048-4b11-a015-467e27fe6f87:1|COMMITTING|1705036505033
5613f755-c048-4b11-a015-467e27fe6f87:1|COMMITTED|1705036505045
5613f755-c048-4b11-a015-467e27fe6f87:1|TERMINATED|1705036505047
dfe603de-099e-407b-bea4-468d01dc902a:1|STARTING|1705036505052
dfe603de-099e-407b-bea4-468d01dc902a:1|PREPARING|1705036505055
dfe603de-099e-407b-bea4-468d01dc902a:1|COMMITTING|1705036505056
dfe603de-099e-407b-bea4-468d01dc902a:1|COMMITTING|1705036505058
dfe603de-099e-407b-bea4-468d01dc902a:1|COMMITTED|1705036505063
f23038e4-a4c8-4162-974e-694c8fb7f279:1|STARTING|1705036505070
dfe603de-099e-407b-bea4-468d01dc902a:1|TERMINATED|1705036505084
f23038e4-a4c8-4162-974e-694c8fb7f279:1|PREPARING|1705036505085
f23038e4-a4c8-4162-974e-694c8fb7f279:1|COMMITTING|1705036505102
f23038e4-a4c8-4162-974e-694c8fb7f279:1|COMMITTING|1705036505107
f23038e4-a4c8-4162-974e-694c8fb7f279:1|COMMITTED|1705036505114
f23038e4-a4c8-4162-974e-694c8fb7f279:1|TERMINATED|1705036505115
1a3735ae-afcf-418f-8584-ad2ae8ac7396:1|STARTING|1705036505118
1a3735ae-afcf-418f-8584-ad2ae8ac7396:1|PREPARING|1705036505121
1a3735ae-afcf-418f-8584-ad2ae8ac7396:1|COMMITTING|1705036505123
1a3735ae-afcf-418f-8584-ad2ae8ac7396:1|COMMITTING|1705036505124
1a3735ae-afcf-418f-8584-ad2ae8ac7396:1|COMMITTED|1705036505131
1a3735ae-afcf-418f-8584-ad2ae8ac7396:1|TERMINATED|1705036505146
56ee02b0-a215-467a-82d4-7007fd6f3a93:1|STARTING|1705036505151
56ee02b0-a215-467a-82d4-7007fd6f3a93:1|PREPARING|1705036505152
56ee02b0-a215-467a-82d4-7007fd6f3a93:1|COMMITTING|1705036505155
56ee02b0-a215-467a-82d4-7007fd6f3a93:1|COMMITTING|1705036505157
56ee02b0-a215-467a-82d4-7007fd6f3a93:1|COMMITTED|1705036505166
56ee02b0-a215-467a-82d4-7007fd6f3a93:1|TERMINATED|1705036505166
17854850-fc04-43a5-a444-9fc2fe731d3a:1|STARTING|1705036505179
17854850-fc04-43a5-a444-9fc2fe731d3a:1|PREPARING|1705036505180
17854850-fc04-43a5-a444-9fc2fe731d3a:1|COMMITTING|1705036505181
17854850-fc04-43a5-a444-9fc2fe731d3a:1|COMMITTING|1705036505184
17854850-fc04-43a5-a444-9fc2fe731d3a:1|COMMITTED|1705036505207
17854850-fc04-43a5-a444-9fc2fe731d3a:1|TERMINATED|1705036505208
636e6721-cf30-42b2-9d72-8a3700e6e936:1|STARTING|1705036505229
636e6721-cf30-42b2-9d72-8a3700e6e936:1|PREPARING|1705036505241
636e6721-cf30-42b2-9d72-8a3700e6e936:1|COMMITTING|1705036505249
636e6721-cf30-42b2-9d72-8a3700e6e936:1|COMMITTING|1705036505252
636e6721-cf30-42b2-9d72-8a3700e6e936:1|COMMITTED|1705036505262
636e6721-cf30-42b2-9d72-8a3700e6e936:1|TERMINATED|1705036505264
08bfc40b-7ceb-4325-ac7a-bc8c92051f32:1|STARTING|1705036505266
08bfc40b-7ceb-4325-ac7a-bc8c92051f32:1|PREPARING|1705036505268
08bfc40b-7ceb-4325-ac7a-bc8c92051f32:1|COMMITTING|1705036505271
08bfc40b-7ceb-4325-ac7a-bc8c92051f32:1|COMMITTING|1705036505272
08bfc40b-7ceb-4325-ac7a-bc8c92051f32:1|COMMITTED|1705036505277
08bfc40b-7ceb-4325-ac7a-bc8c92051f32:1|TERMINATED|1705036505278
fe55bf3f-7ccd-4d68-998b-feb62d895c83:1|STARTING|1705036505280
fe55bf3f-7ccd-4d68-998b-feb62d895c83:1|PREPARING|1705036505281
fe55bf3f-7ccd-4d68-998b-feb62d895c83:1|COMMITTING|1705036505282
fe55bf3f-7ccd-4d68-998b-feb62d895c83:1|COMMITTING|1705036505283
fe55bf3f-7ccd-4d68-998b-feb62d895c83:1|COMMITTED|1705036505309
fe55bf3f-7ccd-4d68-998b-feb62d895c83:1|TERMINATED|1705036505311
1285e0e3-7f4b-43b3-ad1d-a0a230117c6c:1|STARTING|1705036505313
1285e0e3-7f4b-43b3-ad1d-a0a230117c6c:1|PREPARING|1705036505315
1285e0e3-7f4b-43b3-ad1d-a0a230117c6c:1|COMMITTING|1705036505316
1285e0e3-7f4b-43b3-ad1d-a0a230117c6c:1|COMMITTING|1705036505317
1285e0e3-7f4b-43b3-ad1d-a0a230117c6c:1|COMMITTED|1705036505324
1285e0e3-7f4b-43b3-ad1d-a0a230117c6c:1|TERMINATED|1705036505325
12f064ed-c202-4f97-bc53-b6bfc17584eb:1|STARTING|1705036505328
12f064ed-c202-4f97-bc53-b6bfc17584eb:1|PREPARING|1705036505336
12f064ed-c202-4f97-bc53-b6bfc17584eb:1|COMMITTING|1705036505338
12f064ed-c202-4f97-bc53-b6bfc17584eb:1|COMMITTING|1705036505339
12f064ed-c202-4f97-bc53-b6bfc17584eb:1|COMMITTED|1705036505346
12f064ed-c202-4f97-bc53-b6bfc17584eb:1|TERMINATED|1705036505347
d31a61da-6b8e-41bd-b4a7-bd3f8234ee39:1|STARTING|1705036505349
d31a61da-6b8e-41bd-b4a7-bd3f8234ee39:1|PREPARING|1705036505350
d31a61da-6b8e-41bd-b4a7-bd3f8234ee39:1|COMMITTING|1705036505351
d31a61da-6b8e-41bd-b4a7-bd3f8234ee39:1|COMMITTING|1705036505354
d31a61da-6b8e-41bd-b4a7-bd3f8234ee39:1|COMMITTED|1705036505359
d31a61da-6b8e-41bd-b4a7-bd3f8234ee39:1|TERMINATED|1705036505361
2b405a00-aa18-40ea-8548-af3156f08dd8:1|STARTING|1705036505363
2b405a00-aa18-40ea-8548-af3156f08dd8:1|PREPARING|1705036505364
2b405a00-aa18-40ea-8548-af3156f08dd8:1|COMMITTING|1705036505365
2b405a00-aa18-40ea-8548-af3156f08dd8:1|COMMITTING|1705036505366
2b405a00-aa18-40ea-8548-af3156f08dd8:1|COMMITTED|1705036505373
2b405a00-aa18-40ea-8548-af3156f08dd8:1|TERMINATED|1705036505374
e24ea413-3ab6-4dd1-b611-1a066ac39bad:1|STARTING|1705036505377
e24ea413-3ab6-4dd1-b611-1a066ac39bad:1|PREPARING|1705036505379
e24ea413-3ab6-4dd1-b611-1a066ac39bad:1|COMMITTING|1705036505381
e24ea413-3ab6-4dd1-b611-1a066ac39bad:1|COMMITTING|1705036505382
e24ea413-3ab6-4dd1-b611-1a066ac39bad:1|COMMITTED|1705036505395
e24ea413-3ab6-4dd1-b611-1a066ac39bad:1|TERMINATED|1705036505397
14e044f8-e4d0-4dc0-9583-2ba15eda3b1e:1|STARTING|1705036505398
14e044f8-e4d0-4dc0-9583-2ba15eda3b1e:1|PREPARING|1705036505400
14e044f8-e4d0-4dc0-9583-2ba15eda3b1e:1|COMMITTING|1705036505404
14e044f8-e4d0-4dc0-9583-2ba15eda3b1e:1|COMMITTING|1705036505405
14e044f8-e4d0-4dc0-9583-2ba15eda3b1e:1|COMMITTED|1705036505413
14e044f8-e4d0-4dc0-9583-2ba15eda3b1e:1|TERMINATED|1705036505414
ac0e7bec-ce67-4e30-b810-ed704dd48d9d:1|STARTING|1705036505417
ac0e7bec-ce67-4e30-b810-ed704dd48d9d:1|PREPARING|1705036505418
ac0e7bec-ce67-4e30-b810-ed704dd48d9d:1|COMMITTING|1705036505422
ac0e7bec-ce67-4e30-b810-ed704dd48d9d:1|COMMITTING|1705036505423
ac0e7bec-ce67-4e30-b810-ed704dd48d9d:1|COMMITTED|1705036505430
ac0e7bec-ce67-4e30-b810-ed704dd48d9d:1|TERMINATED|1705036505431
591d9ad8-ecf2-47c3-bd8d-3fbc86f682b0:2|STARTING|1705036505442
591d9ad8-ecf2-47c3-bd8d-3fbc86f682b0:2|PREPARING|1705036505444
591d9ad8-ecf2-47c3-bd8d-3fbc86f682b0:2|COMMITTING|1705036505447
591d9ad8-ecf2-47c3-bd8d-3fbc86f682b0:2|COMMITTING|1705036505456
591d9ad8-ecf2-47c3-bd8d-3fbc86f682b0:2|COMMITTED|1705036505462
9f74ba77-2ce7-4f8b-bf40-f84cb9cb9a80:2|STARTING|1705036505463
591d9ad8-ecf2-47c3-bd8d-3fbc86f682b0:2|TERMINATED|1705036505464
9f74ba77-2ce7-4f8b-bf40-f84cb9cb9a80:2|PREPARING|1705036505465
9f74ba77-2ce7-4f8b-bf40-f84cb9cb9a80:2|COMMITTING|1705036505469
9f74ba77-2ce7-4f8b-bf40-f84cb9cb9a80:2|COMMITTING|1705036505473
9f74ba77-2ce7-4f8b-bf40-f84cb9cb9a80:2|COMMITTED|1705036505477
dc211695-1c78-4c8f-ae24-4398da1ee94e:2|STARTING|1705036505477
9f74ba77-2ce7-4f8b-bf40-f84cb9cb9a80:2|TERMINATED|1705036505480
dc211695-1c78-4c8f-ae24-4398da1ee94e:2|PREPARING|1705036505480
dc211695-1c78-4c8f-ae24-4398da1ee94e:2|COMMITTING|1705036505482
dc211695-1c78-4c8f-ae24-4398da1ee94e:2|COMMITTING|1705036505484
dc211695-1c78-4c8f-ae24-4398da1ee94e:2|COMMITTED|1705036505495
527988c3-e917-4f5c-a0e3-06a9f05b1f0a:2|STARTING|1705036505496
527988c3-e917-4f5c-a0e3-06a9f05b1f0a:2|PREPARING|1705036505512
527988c3-e917-4f5c-a0e3-06a9f05b1f0a:2|COMMITTING|1705036505514
527988c3-e917-4f5c-a0e3-06a9f05b1f0a:2|COMMITTING|1705036505516
dc211695-1c78-4c8f-ae24-4398da1ee94e:2|TERMINATED|1705036505508
527988c3-e917-4f5c-a0e3-06a9f05b1f0a:2|COMMITTED|1705036505522
abd80dfb-ec4b-4b46-8948-5a9767d21729:2|STARTING|1705036505523
abd80dfb-ec4b-4b46-8948-5a9767d21729:2|PREPARING|1705036505531
abd80dfb-ec4b-4b46-8948-5a9767d21729:2|COMMITTING|1705036505533
abd80dfb-ec4b-4b46-8948-5a9767d21729:2|COMMITTING|1705036505534
abd80dfb-ec4b-4b46-8948-5a9767d21729:2|COMMITTED|1705036505536
db19354b-0077-4d89-a5ca-017eaae79469:2|STARTING|1705036505537
db19354b-0077-4d89-a5ca-017eaae79469:2|PREPARING|1705036505543
db19354b-0077-4d89-a5ca-017eaae79469:2|COMMITTING|1705036505544
db19354b-0077-4d89-a5ca-017eaae79469:2|COMMITTING|1705036505546
db19354b-0077-4d89-a5ca-017eaae79469:2|COMMITTED|1705036505549
b1175ebb-8c24-4b82-9053-d788a8b5f020:2|STARTING|1705036505550
527988c3-e917-4f5c-a0e3-06a9f05b1f0a:2|TERMINATED|1705036505549
abd80dfb-ec4b-4b46-8948-5a9767d21729:2|TERMINATED|1705036505560
db19354b-0077-4d89-a5ca-017eaae79469:2|TERMINATED|1705036505559
b1175ebb-8c24-4b82-9053-d788a8b5f020:2|PREPARING|1705036505579
b1175ebb-8c24-4b82-9053-d788a8b5f020:2|COMMITTING|1705036505590
b1175ebb-8c24-4b82-9053-d788a8b5f020:2|COMMITTING|1705036505593
b1175ebb-8c24-4b82-9053-d788a8b5f020:2|COMMITTED|1705036505596
c3e074df-59da-4055-a791-941372c09486:2|STARTING|1705036505597
b1175ebb-8c24-4b82-9053-d788a8b5f020:2|TERMINATED|1705036505599
c3e074df-59da-4055-a791-941372c09486:2|PREPARING|1705036505609
c3e074df-59da-4055-a791-941372c09486:2|COMMITTING|1705036505631
c3e074df-59da-4055-a791-941372c09486:2|COMMITTING|1705036505634
c3e074df-59da-4055-a791-941372c09486:2|COMMITTED|1705036505636
8503c8fa-b1ea-445a-a8c5-421b9278a22a:2|STARTING|1705036505641
c3e074df-59da-4055-a791-941372c09486:2|TERMINATED|1705036505648
8503c8fa-b1ea-445a-a8c5-421b9278a22a:2|PREPARING|1705036505659
8503c8fa-b1ea-445a-a8c5-421b9278a22a:2|COMMITTING|1705036505664
8503c8fa-b1ea-445a-a8c5-421b9278a22a:2|COMMITTING|1705036505681
8503c8fa-b1ea-445a-a8c5-421b9278a22a:2|COMMITTED|1705036505689
72585a18-5523-4209-84d4-9aa79ee7e209:2|STARTING|1705036505691
8503c8fa-b1ea-445a-a8c5-421b9278a22a:2|TERMINATED|1705036505698
72585a18-5523-4209-84d4-9aa79ee7e209:2|PREPARING|1705036505717
72585a18-5523-4209-84d4-9aa79ee7e209:2|COMMITTING|1705036505725
72585a18-5523-4209-84d4-9aa79ee7e209:2|COMMITTING|1705036505727
72585a18-5523-4209-84d4-9aa79ee7e209:2|COMMITTED|1705036505731
55771c0b-504f-4e89-90c0-4b6e9fc72d4c:2|STARTING|1705036505732
55771c0b-504f-4e89-90c0-4b6e9fc72d4c:2|PREPARING|1705036505742
72585a18-5523-4209-84d4-9aa79ee7e209:2|TERMINATED|1705036505747
55771c0b-504f-4e89-90c0-4b6e9fc72d4c:2|COMMITTING|1705036505747
55771c0b-504f-4e89-90c0-4b6e9fc72d4c:2|COMMITTING|1705036505764
55771c0b-504f-4e89-90c0-4b6e9fc72d4c:2|COMMITTED|1705036505772
55771c0b-504f-4e89-90c0-4b6e9fc72d4c:2|TERMINATED|1705036505776
ad535d64-2e2f-4d95-aabf-f488833d6418:2|STARTING|1705036505797
ad535d64-2e2f-4d95-aabf-f488833d6418:2|PREPARING|1705036505801
ad535d64-2e2f-4d95-aabf-f488833d6418:2|COMMITTING|1705036505822
ad535d64-2e2f-4d95-aabf-f488833d6418:2|COMMITTING|1705036505833
ad535d64-2e2f-4d95-aabf-f488833d6418:2|COMMITTED|1705036505839
216ddc88-fd31-4611-8be7-1651c0195cda:2|STARTING|1705036505841
ad535d64-2e2f-4d95-aabf-f488833d6418:2|TERMINATED|1705036505864
216ddc88-fd31-4611-8be7-1651c0195cda:2|PREPARING|1705036505878
216ddc88-fd31-4611-8be7-1651c0195cda:2|COMMITTING|1705036505879
216ddc88-fd31-4611-8be7-1651c0195cda:2|COMMITTING|1705036505881
216ddc88-fd31-4611-8be7-1651c0195cda:2|COMMITTED|1705036505888
6c1aafca-f58c-412d-950f-712f61f283c4:2|STARTING|1705036505892
216ddc88-fd31-4611-8be7-1651c0195cda:2|TERMINATED|1705036505894
6c1aafca-f58c-412d-950f-712f61f283c4:2|PREPARING|1705036505931
6c1aafca-f58c-412d-950f-712f61f283c4:2|COMMITTING|1705036505979
6c1aafca-f58c-412d-950f-712f61f283c4:2|COMMITTING|1705036505981
6c1aafca-f58c-412d-950f-712f61f283c4:2|COMMITTED|1705036505982
1b2c54b9-21a5-449a-a9a2-ece0af12ae3e:2|STARTING|1705036505983
1b2c54b9-21a5-449a-a9a2-ece0af12ae3e:2|PREPARING|1705036505989
1b2c54b9-21a5-449a-a9a2-ece0af12ae3e:2|COMMITTING|1705036505990
1b2c54b9-21a5-449a-a9a2-ece0af12ae3e:2|COMMITTING|1705036505993
6c1aafca-f58c-412d-950f-712f61f283c4:2|TERMINATED|1705036505993
1b2c54b9-21a5-449a-a9a2-ece0af12ae3e:2|COMMITTED|1705036506012
f9352bec-5cb2-49ee-ade2-05bb8232e3df:2|STARTING|1705036506011
1b2c54b9-21a5-449a-a9a2-ece0af12ae3e:2|TERMINATED|1705036506067
f9352bec-5cb2-49ee-ade2-05bb8232e3df:2|PREPARING|1705036506296
f9352bec-5cb2-49ee-ade2-05bb8232e3df:2|COMMITTING|1705036506479
f9352bec-5cb2-49ee-ade2-05bb8232e3df:2|COMMITTING|1705036506480
f9352bec-5cb2-49ee-ade2-05bb8232e3df:2|COMMITTED|1705036506482
f9352bec-5cb2-49ee-ade2-05bb8232e3df:2|TERMINATED|1705036506484
5143ce0c-1134-4e2e-9e6e-0e0d9ce4f68c:1|STARTING|1705036506493
5143ce0c-1134-4e2e-9e6e-0e0d9ce4f68c:1|PREPARING|1705036506501
5143ce0c-1134-4e2e-9e6e-0e0d9ce4f68c:1|COMMITTING|1705036506508
5143ce0c-1134-4e2e-9e6e-0e0d9ce4f68c:1|COMMITTING|1705036506509
5143ce0c-1134-4e2e-9e6e-0e0d9ce4f68c:1|COMMITTED|1705036506560
5143ce0c-1134-4e2e-9e6e-0e0d9ce4f68c:1|TERMINATED|1705036506561
76ab71ed-2553-42b7-9217-dd2236514b68:2|STARTING|1705036506605
76ab71ed-2553-42b7-9217-dd2236514b68:2|PREPARING|1705036506616
76ab71ed-2553-42b7-9217-dd2236514b68:2|COMMITTING|1705036506630
76ab71ed-2553-42b7-9217-dd2236514b68:2|COMMITTING|1705036506632
76ab71ed-2553-42b7-9217-dd2236514b68:2|COMMITTED|1705036506649
76ab71ed-2553-42b7-9217-dd2236514b68:2|TERMINATED|1705036506651
0cc6bf6b-8c3d-45f9-ac2b-767872b9c3dd:1|STARTING|1705036506681
0cc6bf6b-8c3d-45f9-ac2b-767872b9c3dd:1|PREPARING|1705036506883
0cc6bf6b-8c3d-45f9-ac2b-767872b9c3dd:1|COMMITTING|1705036506933
0cc6bf6b-8c3d-45f9-ac2b-767872b9c3dd:1|COMMITTING|1705036506940
0cc6bf6b-8c3d-45f9-ac2b-767872b9c3dd:1|COMMITTED|1705036507009
0cc6bf6b-8c3d-45f9-ac2b-767872b9c3dd:1|TERMINATED|1705036507011
84facd2e-c8df-4bbc-9f53-789e26778cba:1|STARTING|1705036507048
84facd2e-c8df-4bbc-9f53-789e26778cba:1|PREPARING|1705036507049
84facd2e-c8df-4bbc-9f53-789e26778cba:1|COMMITTING|1705036507051
84facd2e-c8df-4bbc-9f53-789e26778cba:1|COMMITTING|1705036507052
84facd2e-c8df-4bbc-9f53-789e26778cba:1|COMMITTED|1705036507106
6cecaa30-a122-44ab-a1d2-8244c50f09a6:1|STARTING|1705036507111
84facd2e-c8df-4bbc-9f53-789e26778cba:1|TERMINATED|1705036507123
6cecaa30-a122-44ab-a1d2-8244c50f09a6:1|PREPARING|1705036507130
6cecaa30-a122-44ab-a1d2-8244c50f09a6:1|COMMITTING|1705036507179
6cecaa30-a122-44ab-a1d2-8244c50f09a6:1|COMMITTING|1705036507180
6cecaa30-a122-44ab-a1d2-8244c50f09a6:1|COMMITTED|1705036507213
3dbb4a00-0961-4f5c-b012-fc7e44d97ff3:1|STARTING|1705036507218
3dbb4a00-0961-4f5c-b012-fc7e44d97ff3:1|PREPARING|1705036507222
3dbb4a00-0961-4f5c-b012-fc7e44d97ff3:1|COMMITTING|1705036507223
3dbb4a00-0961-4f5c-b012-fc7e44d97ff3:1|COMMITTING|1705036507224
3dbb4a00-0961-4f5c-b012-fc7e44d97ff3:1|COMMITTED|1705036507231
3dbb4a00-0961-4f5c-b012-fc7e44d97ff3:1|TERMINATED|1705036507235
9ee8aa9a-214d-4584-b53c-ce512e70d128:1|STARTING|1705036507239
9ee8aa9a-214d-4584-b53c-ce512e70d128:1|PREPARING|1705036507244
9ee8aa9a-214d-4584-b53c-ce512e70d128:1|COMMITTING|1705036507247
9ee8aa9a-214d-4584-b53c-ce512e70d128:1|COMMITTING|1705036507250
9ee8aa9a-214d-4584-b53c-ce512e70d128:1|COMMITTED|1705036507259
9ee8aa9a-214d-4584-b53c-ce512e70d128:1|TERMINATED|1705036507261
6cecaa30-a122-44ab-a1d2-8244c50f09a6:1|TERMINATED|1705036507263
a48b8bc1-14b5-4324-9227-b5569b32b18f:1|STARTING|1705036507264
a48b8bc1-14b5-4324-9227-b5569b32b18f:1|PREPARING|1705036507266
a48b8bc1-14b5-4324-9227-b5569b32b18f:1|COMMITTING|1705036507267
a48b8bc1-14b5-4324-9227-b5569b32b18f:1|COMMITTING|1705036507269
a48b8bc1-14b5-4324-9227-b5569b32b18f:1|COMMITTED|1705036507323
f04bfb83-b04e-4f50-ae52-0e65f9d25c36:1|STARTING|1705036507327
a48b8bc1-14b5-4324-9227-b5569b32b18f:1|TERMINATED|1705036507330
f04bfb83-b04e-4f50-ae52-0e65f9d25c36:1|PREPARING|1705036507331
f04bfb83-b04e-4f50-ae52-0e65f9d25c36:1|COMMITTING|1705036507350
f04bfb83-b04e-4f50-ae52-0e65f9d25c36:1|COMMITTING|1705036507351
f04bfb83-b04e-4f50-ae52-0e65f9d25c36:1|COMMITTED|1705036507358
f04bfb83-b04e-4f50-ae52-0e65f9d25c36:1|TERMINATED|1705036507360
b8fae91d-b0f1-4eb5-a180-ba63b23ac7e2:1|STARTING|1705036507362
b8fae91d-b0f1-4eb5-a180-ba63b23ac7e2:1|PREPARING|1705036507363
b8fae91d-b0f1-4eb5-a180-ba63b23ac7e2:1|COMMITTING|1705036507364
b8fae91d-b0f1-4eb5-a180-ba63b23ac7e2:1|COMMITTING|1705036507371
b8fae91d-b0f1-4eb5-a180-ba63b23ac7e2:1|COMMITTED|1705036507379
b8fae91d-b0f1-4eb5-a180-ba63b23ac7e2:1|TERMINATED|1705036507381
f954e82c-140c-4fbd-9f38-0c5cf2008f78:1|STARTING|1705036507383
f954e82c-140c-4fbd-9f38-0c5cf2008f78:1|PREPARING|1705036507384
f954e82c-140c-4fbd-9f38-0c5cf2008f78:1|COMMITTING|1705036507391
f954e82c-140c-4fbd-9f38-0c5cf2008f78:1|COMMITTING|1705036507392
f954e82c-140c-4fbd-9f38-0c5cf2008f78:1|COMMITTED|1705036507397
f954e82c-140c-4fbd-9f38-0c5cf2008f78:1|TERMINATED|1705036507398
3eb79c21-f862-4d19-9f4b-dbd1a8122a6c:1|STARTING|1705036507401
3eb79c21-f862-4d19-9f4b-dbd1a8122a6c:1|PREPARING|1705036507403
3eb79c21-f862-4d19-9f4b-dbd1a8122a6c:1|COMMITTING|1705036507409
3eb79c21-f862-4d19-9f4b-dbd1a8122a6c:1|COMMITTING|1705036507410
3eb79c21-f862-4d19-9f4b-dbd1a8122a6c:1|COMMITTED|1705036507415
3eb79c21-f862-4d19-9f4b-dbd1a8122a6c:1|TERMINATED|1705036507416
8f1eea39-306a-4575-bd54-5c35575ef938:1|STARTING|1705036507419
8f1eea39-306a-4575-bd54-5c35575ef938:1|PREPARING|1705036507421
8f1eea39-306a-4575-bd54-5c35575ef938:1|COMMITTING|1705036507422
8f1eea39-306a-4575-bd54-5c35575ef938:1|COMMITTING|1705036507423
8f1eea39-306a-4575-bd54-5c35575ef938:1|COMMITTED|1705036507428
8f1eea39-306a-4575-bd54-5c35575ef938:1|TERMINATED|1705036507429
137770e4-d14d-4df6-98ee-903227838782:1|STARTING|1705036507431
137770e4-d14d-4df6-98ee-903227838782:1|PREPARING|1705036507432
137770e4-d14d-4df6-98ee-903227838782:1|COMMITTING|1705036507432
137770e4-d14d-4df6-98ee-903227838782:1|COMMITTING|1705036507433
137770e4-d14d-4df6-98ee-903227838782:1|COMMITTED|1705036507440
137770e4-d14d-4df6-98ee-903227838782:1|TERMINATED|1705036507441
d356355b-8961-4f18-aa89-e635daafa974:1|STARTING|1705036507443
d356355b-8961-4f18-aa89-e635daafa974:1|PREPARING|1705036507444
d356355b-8961-4f18-aa89-e635daafa974:1|COMMITTING|1705036507445
d356355b-8961-4f18-aa89-e635daafa974:1|COMMITTING|1705036507446
d356355b-8961-4f18-aa89-e635daafa974:1|COMMITTED|1705036507460
d356355b-8961-4f18-aa89-e635daafa974:1|TERMINATED|1705036507462
2769b168-9375-46ca-9afa-6d74698e83f0:1|STARTING|1705036507478
2769b168-9375-46ca-9afa-6d74698e83f0:1|PREPARING|1705036507481
2769b168-9375-46ca-9afa-6d74698e83f0:1|COMMITTING|1705036507482
2769b168-9375-46ca-9afa-6d74698e83f0:1|COMMITTING|1705036507483
2769b168-9375-46ca-9afa-6d74698e83f0:1|COMMITTED|1705036507490
2769b168-9375-46ca-9afa-6d74698e83f0:1|TERMINATED|1705036507491
9a66c95d-9e9d-4b71-872a-3160d9e6d6c5:1|STARTING|1705036507502
9a66c95d-9e9d-4b71-872a-3160d9e6d6c5:1|PREPARING|1705036507503
9a66c95d-9e9d-4b71-872a-3160d9e6d6c5:1|COMMITTING|1705036507506
9a66c95d-9e9d-4b71-872a-3160d9e6d6c5:1|COMMITTING|1705036507507
9a66c95d-9e9d-4b71-872a-3160d9e6d6c5:1|COMMITTED|1705036507523
178fdd34-a114-489f-89c1-75dd01cd78cb:1|STARTING|1705036507526
9a66c95d-9e9d-4b71-872a-3160d9e6d6c5:1|TERMINATED|1705036507539
178fdd34-a114-489f-89c1-75dd01cd78cb:1|PREPARING|1705036507549
178fdd34-a114-489f-89c1-75dd01cd78cb:1|COMMITTING|1705036507561
178fdd34-a114-489f-89c1-75dd01cd78cb:1|COMMITTING|1705036507563
178fdd34-a114-489f-89c1-75dd01cd78cb:1|COMMITTED|1705036507569
178fdd34-a114-489f-89c1-75dd01cd78cb:1|TERMINATED|1705036507570
124f3325-a0b5-4a3f-b36c-52dec95767b1:2|STARTING|1705036507572
124f3325-a0b5-4a3f-b36c-52dec95767b1:2|PREPARING|1705036507573
124f3325-a0b5-4a3f-b36c-52dec95767b1:2|COMMITTING|1705036507574
124f3325-a0b5-4a3f-b36c-52dec95767b1:2|COMMITTING|1705036507575
124f3325-a0b5-4a3f-b36c-52dec95767b1:2|COMMITTED|1705036507581
d4a15273-99d6-4579-8268-a15a2591d083:2|STARTING|1705036507581
124f3325-a0b5-4a3f-b36c-52dec95767b1:2|TERMINATED|1705036507584
d4a15273-99d6-4579-8268-a15a2591d083:2|PREPARING|1705036507588
d4a15273-99d6-4579-8268-a15a2591d083:2|COMMITTING|1705036507605
d4a15273-99d6-4579-8268-a15a2591d083:2|COMMITTING|1705036507608
d4a15273-99d6-4579-8268-a15a2591d083:2|COMMITTED|1705036507610
acdc8421-d4fb-4a4f-8ddf-342bb51a70cf:2|STARTING|1705036507611
acdc8421-d4fb-4a4f-8ddf-342bb51a70cf:2|PREPARING|1705036507615
acdc8421-d4fb-4a4f-8ddf-342bb51a70cf:2|COMMITTING|1705036507616
acdc8421-d4fb-4a4f-8ddf-342bb51a70cf:2|COMMITTING|1705036507618
acdc8421-d4fb-4a4f-8ddf-342bb51a70cf:2|COMMITTED|1705036507619
f9fd8a44-3512-4b62-94ee-25e14a419ffa:2|STARTING|1705036507621
d4a15273-99d6-4579-8268-a15a2591d083:2|TERMINATED|1705036507625
acdc8421-d4fb-4a4f-8ddf-342bb51a70cf:2|TERMINATED|1705036507622
f9fd8a44-3512-4b62-94ee-25e14a419ffa:2|PREPARING|1705036507634
f9fd8a44-3512-4b62-94ee-25e14a419ffa:2|COMMITTING|1705036507669
f9fd8a44-3512-4b62-94ee-25e14a419ffa:2|COMMITTING|1705036507674
f9fd8a44-3512-4b62-94ee-25e14a419ffa:2|COMMITTED|1705036507677
f85aa723-f935-4ab5-ae48-c5905a0fd20d:2|STARTING|1705036507678
f9fd8a44-3512-4b62-94ee-25e14a419ffa:2|TERMINATED|1705036507683
f85aa723-f935-4ab5-ae48-c5905a0fd20d:2|PREPARING|1705036507698
f85aa723-f935-4ab5-ae48-c5905a0fd20d:2|COMMITTING|1705036507700
f85aa723-f935-4ab5-ae48-c5905a0fd20d:2|COMMITTING|1705036507701
f85aa723-f935-4ab5-ae48-c5905a0fd20d:2|COMMITTED|1705036507703
f85aa723-f935-4ab5-ae48-c5905a0fd20d:2|TERMINATED|1705036507704
4a795aab-a473-4183-8957-2d3efad92877:2|STARTING|1705036507708
4a795aab-a473-4183-8957-2d3efad92877:2|PREPARING|1705036507710
4a795aab-a473-4183-8957-2d3efad92877:2|COMMITTING|1705036507712
4a795aab-a473-4183-8957-2d3efad92877:2|COMMITTING|1705036507716
4a795aab-a473-4183-8957-2d3efad92877:2|COMMITTED|1705036507718
98390a74-78e0-4817-9e8e-637f8f89b77c:2|STARTING|1705036507718
98390a74-78e0-4817-9e8e-637f8f89b77c:2|PREPARING|1705036507724
98390a74-78e0-4817-9e8e-637f8f89b77c:2|COMMITTING|1705036507725
98390a74-78e0-4817-9e8e-637f8f89b77c:2|COMMITTING|1705036507726
98390a74-78e0-4817-9e8e-637f8f89b77c:2|COMMITTED|1705036507727
6e250249-2930-4c84-ad37-be88d95225a5:2|STARTING|1705036507728
98390a74-78e0-4817-9e8e-637f8f89b77c:2|TERMINATED|1705036507731
4a795aab-a473-4183-8957-2d3efad92877:2|TERMINATED|1705036507729
6e250249-2930-4c84-ad37-be88d95225a5:2|PREPARING|1705036507742
6e250249-2930-4c84-ad37-be88d95225a5:2|COMMITTING|1705036507745
6e250249-2930-4c84-ad37-be88d95225a5:2|COMMITTING|1705036507746
6e250249-2930-4c84-ad37-be88d95225a5:2|COMMITTED|1705036507747
4e68f7db-a88d-4029-a32b-8bc1c524a1bf:2|STARTING|1705036507747
6e250249-2930-4c84-ad37-be88d95225a5:2|TERMINATED|1705036507756
4e68f7db-a88d-4029-a32b-8bc1c524a1bf:2|PREPARING|1705036507758
4e68f7db-a88d-4029-a32b-8bc1c524a1bf:2|COMMITTING|1705036507759
4e68f7db-a88d-4029-a32b-8bc1c524a1bf:2|COMMITTING|1705036507761
4e68f7db-a88d-4029-a32b-8bc1c524a1bf:2|COMMITTED|1705036507762
cde70226-089f-43ed-b02e-faf3717e0fea:2|STARTING|1705036507763
4e68f7db-a88d-4029-a32b-8bc1c524a1bf:2|TERMINATED|1705036507765
cde70226-089f-43ed-b02e-faf3717e0fea:2|PREPARING|1705036507766
cde70226-089f-43ed-b02e-faf3717e0fea:2|COMMITTING|1705036507772
cde70226-089f-43ed-b02e-faf3717e0fea:2|COMMITTING|1705036507776
cde70226-089f-43ed-b02e-faf3717e0fea:2|COMMITTED|1705036507778
0f707497-b5ef-42b8-b5a6-e74ea7b9677a:2|STARTING|1705036507779
cde70226-089f-43ed-b02e-faf3717e0fea:2|TERMINATED|1705036507779
0f707497-b5ef-42b8-b5a6-e74ea7b9677a:2|PREPARING|1705036507828
0f707497-b5ef-42b8-b5a6-e74ea7b9677a:2|COMMITTING|1705036507851
0f707497-b5ef-42b8-b5a6-e74ea7b9677a:2|COMMITTING|1705036507851
0f707497-b5ef-42b8-b5a6-e74ea7b9677a:2|COMMITTED|1705036507853
7a71c274-9ba2-447c-87bf-d12159f658a4:2|STARTING|1705036507854
0f707497-b5ef-42b8-b5a6-e74ea7b9677a:2|TERMINATED|1705036507882
7a71c274-9ba2-447c-87bf-d12159f658a4:2|PREPARING|1705036507894
7a71c274-9ba2-447c-87bf-d12159f658a4:2|COMMITTING|1705036507897
7a71c274-9ba2-447c-87bf-d12159f658a4:2|COMMITTING|1705036507898
7a71c274-9ba2-447c-87bf-d12159f658a4:2|COMMITTED|1705036507899
f81883cb-dbff-4ab1-8c67-c3d93aff8eed:2|STARTING|1705036507900
f81883cb-dbff-4ab1-8c67-c3d93aff8eed:2|PREPARING|1705036507909
f81883cb-dbff-4ab1-8c67-c3d93aff8eed:2|COMMITTING|1705036507910
f81883cb-dbff-4ab1-8c67-c3d93aff8eed:2|COMMITTING|1705036507912
f81883cb-dbff-4ab1-8c67-c3d93aff8eed:2|COMMITTED|1705036507914
28ca8cae-68b2-4388-8d89-e005554961f2:2|STARTING|1705036507915
f81883cb-dbff-4ab1-8c67-c3d93aff8eed:2|TERMINATED|1705036507915
28ca8cae-68b2-4388-8d89-e005554961f2:2|PREPARING|1705036507923
7a71c274-9ba2-447c-87bf-d12159f658a4:2|TERMINATED|1705036507924
28ca8cae-68b2-4388-8d89-e005554961f2:2|COMMITTING|1705036507991
28ca8cae-68b2-4388-8d89-e005554961f2:2|COMMITTING|1705036508023
28ca8cae-68b2-4388-8d89-e005554961f2:2|COMMITTED|1705036508024
735f0822-b2ea-462d-b22b-2816847f5059:2|STARTING|1705036508025
28ca8cae-68b2-4388-8d89-e005554961f2:2|TERMINATED|1705036508025
735f0822-b2ea-462d-b22b-2816847f5059:2|PREPARING|1705036508068
735f0822-b2ea-462d-b22b-2816847f5059:2|COMMITTING|1705036508069
735f0822-b2ea-462d-b22b-2816847f5059:2|COMMITTING|1705036508096
f07b3340-ee50-48bd-97bf-463b9e8e5a36:2|STARTING|1705036508156
735f0822-b2ea-462d-b22b-2816847f5059:2|COMMITTED|1705036508156
f07b3340-ee50-48bd-97bf-463b9e8e5a36:2|PREPARING|1705036508174
735f0822-b2ea-462d-b22b-2816847f5059:2|TERMINATED|1705036508191
f07b3340-ee50-48bd-97bf-463b9e8e5a36:2|COMMITTING|1705036508358
f07b3340-ee50-48bd-97bf-463b9e8e5a36:2|COMMITTING|1705036508652
f07b3340-ee50-48bd-97bf-463b9e8e5a36:2|COMMITTED|1705036508843
f07b3340-ee50-48bd-97bf-463b9e8e5a36:2|TERMINATED|1705036508851
edb43ffa-6412-4ae0-a36f-449b6512f509:1|STARTING|1705036508851
edb43ffa-6412-4ae0-a36f-449b6512f509:1|PREPARING|1705036508864
edb43ffa-6412-4ae0-a36f-449b6512f509:1|COMMITTING|1705036508867
edb43ffa-6412-4ae0-a36f-449b6512f509:1|COMMITTING|1705036508873
edb43ffa-6412-4ae0-a36f-449b6512f509:1|COMMITTED|1705036508890
59036626-952d-4b55-a31b-a309d79a4862:1|STARTING|1705036508897
59036626-952d-4b55-a31b-a309d79a4862:1|PREPARING|1705036508962
59036626-952d-4b55-a31b-a309d79a4862:1|COMMITTING|1705036508965
59036626-952d-4b55-a31b-a309d79a4862:1|COMMITTING|1705036508971
59036626-952d-4b55-a31b-a309d79a4862:1|COMMITTED|1705036508984
59036626-952d-4b55-a31b-a309d79a4862:1|TERMINATED|1705036508986
9b231c0d-6825-4b33-9a4c-487e62fb6dd5:1|STARTING|1705036508990
9b231c0d-6825-4b33-9a4c-487e62fb6dd5:1|PREPARING|1705036508992
9b231c0d-6825-4b33-9a4c-487e62fb6dd5:1|COMMITTING|1705036508995
9b231c0d-6825-4b33-9a4c-487e62fb6dd5:1|COMMITTING|1705036508996
9b231c0d-6825-4b33-9a4c-487e62fb6dd5:1|COMMITTED|1705036509003
9b231c0d-6825-4b33-9a4c-487e62fb6dd5:1|TERMINATED|1705036509012
00a0c835-8c34-452b-86f2-07cc3ac9341d:1|STARTING|1705036509016
00a0c835-8c34-452b-86f2-07cc3ac9341d:1|PREPARING|1705036509017
00a0c835-8c34-452b-86f2-07cc3ac9341d:1|COMMITTING|1705036509019
00a0c835-8c34-452b-86f2-07cc3ac9341d:1|COMMITTING|1705036509027
00a0c835-8c34-452b-86f2-07cc3ac9341d:1|COMMITTED|1705036509039
00a0c835-8c34-452b-86f2-07cc3ac9341d:1|TERMINATED|1705036509042
b8394000-b4dc-4049-b26c-ce5c774538ab:1|STARTING|1705036509051
b8394000-b4dc-4049-b26c-ce5c774538ab:1|PREPARING|1705036509052
b8394000-b4dc-4049-b26c-ce5c774538ab:1|COMMITTING|1705036509058
b8394000-b4dc-4049-b26c-ce5c774538ab:1|COMMITTING|1705036509060
edb43ffa-6412-4ae0-a36f-449b6512f509:1|TERMINATED|1705036509065
b8394000-b4dc-4049-b26c-ce5c774538ab:1|COMMITTED|1705036509068
b8394000-b4dc-4049-b26c-ce5c774538ab:1|TERMINATED|1705036509069
9158bb78-3a11-44e0-b38d-79bbc38cd468:2|STARTING|1705036509073
9158bb78-3a11-44e0-b38d-79bbc38cd468:2|PREPARING|1705036509197
9158bb78-3a11-44e0-b38d-79bbc38cd468:2|COMMITTING|1705036509210
9158bb78-3a11-44e0-b38d-79bbc38cd468:2|COMMITTING|1705036509213
9158bb78-3a11-44e0-b38d-79bbc38cd468:2|COMMITTED|1705036509222
9158bb78-3a11-44e0-b38d-79bbc38cd468:2|TERMINATED|1705036509223
18fefe1f-fc36-4a56-8949-7dafb2abdfec:1|STARTING|1705036509227
18fefe1f-fc36-4a56-8949-7dafb2abdfec:1|PREPARING|1705036509228
18fefe1f-fc36-4a56-8949-7dafb2abdfec:1|COMMITTING|1705036509230
18fefe1f-fc36-4a56-8949-7dafb2abdfec:1|COMMITTING|1705036509231
18fefe1f-fc36-4a56-8949-7dafb2abdfec:1|COMMITTED|1705036509239
18fefe1f-fc36-4a56-8949-7dafb2abdfec:1|TERMINATED|1705036509242
0728f41f-43ce-4d27-acb9-101fadfc091b:1|STARTING|1705036509248
0728f41f-43ce-4d27-acb9-101fadfc091b:1|PREPARING|1705036509249
0728f41f-43ce-4d27-acb9-101fadfc091b:1|COMMITTING|1705036509250
0728f41f-43ce-4d27-acb9-101fadfc091b:1|COMMITTING|1705036509251
0728f41f-43ce-4d27-acb9-101fadfc091b:1|COMMITTED|1705036509264
0728f41f-43ce-4d27-acb9-101fadfc091b:1|TERMINATED|1705036509266
0e1f64d6-2146-4cd3-b32c-9254f1c0b46d:1|STARTING|1705036509269
0e1f64d6-2146-4cd3-b32c-9254f1c0b46d:1|PREPARING|1705036509273
0e1f64d6-2146-4cd3-b32c-9254f1c0b46d:1|COMMITTING|1705036509275
0e1f64d6-2146-4cd3-b32c-9254f1c0b46d:1|COMMITTING|1705036509278
0e1f64d6-2146-4cd3-b32c-9254f1c0b46d:1|COMMITTED|1705036509298
0e1f64d6-2146-4cd3-b32c-9254f1c0b46d:1|TERMINATED|1705036509299
d26dc7f9-7712-4af5-844a-82efd2bb13e7:1|STARTING|1705036509312
d26dc7f9-7712-4af5-844a-82efd2bb13e7:1|PREPARING|1705036509313
d26dc7f9-7712-4af5-844a-82efd2bb13e7:1|COMMITTING|1705036509314
d26dc7f9-7712-4af5-844a-82efd2bb13e7:1|COMMITTING|1705036509316
d26dc7f9-7712-4af5-844a-82efd2bb13e7:1|COMMITTED|1705036509321
d26dc7f9-7712-4af5-844a-82efd2bb13e7:1|TERMINATED|1705036509322
1a5b0791-fd5b-4658-9ff4-b9e87a6346a7:1|STARTING|1705036509329
1a5b0791-fd5b-4658-9ff4-b9e87a6346a7:1|PREPARING|1705036509330
1a5b0791-fd5b-4658-9ff4-b9e87a6346a7:1|COMMITTING|1705036509331
1a5b0791-fd5b-4658-9ff4-b9e87a6346a7:1|COMMITTING|1705036509332
1a5b0791-fd5b-4658-9ff4-b9e87a6346a7:1|COMMITTED|1705036509339
1a5b0791-fd5b-4658-9ff4-b9e87a6346a7:1|TERMINATED|1705036509344
29763233-af18-4b7d-9730-913810e2dd15:1|STARTING|1705036509346
29763233-af18-4b7d-9730-913810e2dd15:1|PREPARING|1705036509393
29763233-af18-4b7d-9730-913810e2dd15:1|COMMITTING|1705036509414
29763233-af18-4b7d-9730-913810e2dd15:1|COMMITTING|1705036509415
29763233-af18-4b7d-9730-913810e2dd15:1|COMMITTED|1705036509450
29763233-af18-4b7d-9730-913810e2dd15:1|TERMINATED|1705036509451
b20a6745-0711-4fd0-a14b-7363e57693df:1|STARTING|1705036509457
b20a6745-0711-4fd0-a14b-7363e57693df:1|PREPARING|1705036509460
b20a6745-0711-4fd0-a14b-7363e57693df:1|COMMITTING|1705036509461
b20a6745-0711-4fd0-a14b-7363e57693df:1|COMMITTING|1705036509463
b20a6745-0711-4fd0-a14b-7363e57693df:1|COMMITTED|1705036509468
b20a6745-0711-4fd0-a14b-7363e57693df:1|TERMINATED|1705036509469
719a93c4-22d7-42e0-80bd-c2b0d8cb17a7:1|STARTING|1705036509473
719a93c4-22d7-42e0-80bd-c2b0d8cb17a7:1|PREPARING|1705036509474
719a93c4-22d7-42e0-80bd-c2b0d8cb17a7:1|COMMITTING|1705036509475
719a93c4-22d7-42e0-80bd-c2b0d8cb17a7:1|COMMITTING|1705036509477
719a93c4-22d7-42e0-80bd-c2b0d8cb17a7:1|COMMITTED|1705036509488
11f44671-e858-4554-8c04-5555cf1c0139:1|STARTING|1705036509494
11f44671-e858-4554-8c04-5555cf1c0139:1|PREPARING|1705036509513
11f44671-e858-4554-8c04-5555cf1c0139:1|COMMITTING|1705036509515
719a93c4-22d7-42e0-80bd-c2b0d8cb17a7:1|TERMINATED|1705036509515
11f44671-e858-4554-8c04-5555cf1c0139:1|COMMITTING|1705036509531
11f44671-e858-4554-8c04-5555cf1c0139:1|COMMITTED|1705036509541
11f44671-e858-4554-8c04-5555cf1c0139:1|TERMINATED|1705036509543
a5691af5-67e4-4708-b7fb-58381d55994d:2|STARTING|1705036509546
a5691af5-67e4-4708-b7fb-58381d55994d:2|PREPARING|1705036509547
a5691af5-67e4-4708-b7fb-58381d55994d:2|COMMITTING|1705036509548
a5691af5-67e4-4708-b7fb-58381d55994d:2|COMMITTING|1705036509549
0213cce0-d654-4e8f-9bbc-bed0177b7305:2|STARTING|1705036509558
a5691af5-67e4-4708-b7fb-58381d55994d:2|COMMITTED|1705036509558
a5691af5-67e4-4708-b7fb-58381d55994d:2|TERMINATED|1705036509561
0213cce0-d654-4e8f-9bbc-bed0177b7305:2|PREPARING|1705036509564
0213cce0-d654-4e8f-9bbc-bed0177b7305:2|COMMITTING|1705036509573
0213cce0-d654-4e8f-9bbc-bed0177b7305:2|COMMITTING|1705036509576
0213cce0-d654-4e8f-9bbc-bed0177b7305:2|COMMITTED|1705036509581
c9c8e370-467d-47bf-aec8-38578514d15b:2|STARTING|1705036509582
c9c8e370-467d-47bf-aec8-38578514d15b:2|PREPARING|1705036509583
c9c8e370-467d-47bf-aec8-38578514d15b:2|COMMITTING|1705036509585
c9c8e370-467d-47bf-aec8-38578514d15b:2|COMMITTING|1705036509589
c9c8e370-467d-47bf-aec8-38578514d15b:2|COMMITTED|1705036509592
c9c8e370-467d-47bf-aec8-38578514d15b:2|TERMINATED|1705036509593
d741f13c-7e08-4cf3-9797-32a4ac7f99fa:1|STARTING|1705036509596
d741f13c-7e08-4cf3-9797-32a4ac7f99fa:1|PREPARING|1705036509597
d741f13c-7e08-4cf3-9797-32a4ac7f99fa:1|COMMITTING|1705036509599
d741f13c-7e08-4cf3-9797-32a4ac7f99fa:1|COMMITTING|1705036509600
0213cce0-d654-4e8f-9bbc-bed0177b7305:2|TERMINATED|1705036509607
d741f13c-7e08-4cf3-9797-32a4ac7f99fa:1|COMMITTED|1705036509622
872c896d-cf6a-4e64-8afd-481a646301e2:1|STARTING|1705036509630
d741f13c-7e08-4cf3-9797-32a4ac7f99fa:1|TERMINATED|1705036509632
872c896d-cf6a-4e64-8afd-481a646301e2:1|PREPARING|1705036509664
872c896d-cf6a-4e64-8afd-481a646301e2:1|COMMITTING|1705036509803
872c896d-cf6a-4e64-8afd-481a646301e2:1|COMMITTING|1705036509809
872c896d-cf6a-4e64-8afd-481a646301e2:1|COMMITTED|1705036509816
872c896d-cf6a-4e64-8afd-481a646301e2:1|TERMINATED|1705036509817
7600173c-82ba-4942-aa5a-a5209ada3174:2|STARTING|1705036509820
7600173c-82ba-4942-aa5a-a5209ada3174:2|PREPARING|1705036509827
7600173c-82ba-4942-aa5a-a5209ada3174:2|COMMITTING|1705036509830
7600173c-82ba-4942-aa5a-a5209ada3174:2|COMMITTING|1705036509832
7600173c-82ba-4942-aa5a-a5209ada3174:2|COMMITTED|1705036509853
7600173c-82ba-4942-aa5a-a5209ada3174:2|TERMINATED|1705036509866
d1d5997b-805d-4bde-a483-ecd34ba8a3db:1|STARTING|1705036509871
d1d5997b-805d-4bde-a483-ecd34ba8a3db:1|PREPARING|1705036509934
d1d5997b-805d-4bde-a483-ecd34ba8a3db:1|COMMITTING|1705036509936
d1d5997b-805d-4bde-a483-ecd34ba8a3db:1|COMMITTING|1705036509941
d1d5997b-805d-4bde-a483-ecd34ba8a3db:1|COMMITTED|1705036510012
d1d5997b-805d-4bde-a483-ecd34ba8a3db:1|TERMINATED|1705036510015
4c3be99b-923c-4dc1-869d-e8b4fd103f70:2|STARTING|1705036510016
4c3be99b-923c-4dc1-869d-e8b4fd103f70:2|PREPARING|1705036510018
4c3be99b-923c-4dc1-869d-e8b4fd103f70:2|COMMITTING|1705036510027
4c3be99b-923c-4dc1-869d-e8b4fd103f70:2|COMMITTING|1705036510035
4c3be99b-923c-4dc1-869d-e8b4fd103f70:2|COMMITTED|1705036510042
4c3be99b-923c-4dc1-869d-e8b4fd103f70:2|TERMINATED|1705036510043
3618d05f-7d7e-4e21-b60f-b1a5f07c80b4:2|STARTING|1705036510043
3618d05f-7d7e-4e21-b60f-b1a5f07c80b4:2|PREPARING|1705036510046
3618d05f-7d7e-4e21-b60f-b1a5f07c80b4:2|COMMITTING|1705036510047
3618d05f-7d7e-4e21-b60f-b1a5f07c80b4:2|COMMITTING|1705036510048
3618d05f-7d7e-4e21-b60f-b1a5f07c80b4:2|COMMITTED|1705036510049
9b98b0a4-5fb7-4f33-b4a5-c9678e22e3a2:2|STARTING|1705036510050
3618d05f-7d7e-4e21-b60f-b1a5f07c80b4:2|TERMINATED|1705036510050
9b98b0a4-5fb7-4f33-b4a5-c9678e22e3a2:2|PREPARING|1705036510099
9b98b0a4-5fb7-4f33-b4a5-c9678e22e3a2:2|COMMITTING|1705036510254
9b98b0a4-5fb7-4f33-b4a5-c9678e22e3a2:2|COMMITTING|1705036510269
9b98b0a4-5fb7-4f33-b4a5-c9678e22e3a2:2|COMMITTED|1705036510272
013a55a8-9609-46d5-a0e4-f87f387197f8:2|STARTING|1705036510273
013a55a8-9609-46d5-a0e4-f87f387197f8:2|PREPARING|1705036510283
013a55a8-9609-46d5-a0e4-f87f387197f8:2|COMMITTING|1705036510285
013a55a8-9609-46d5-a0e4-f87f387197f8:2|COMMITTING|1705036510287
013a55a8-9609-46d5-a0e4-f87f387197f8:2|COMMITTED|1705036510290
7e145cc8-40e9-4e63-a08c-7bba22208d21:2|STARTING|1705036510291
7e145cc8-40e9-4e63-a08c-7bba22208d21:2|PREPARING|1705036510293
013a55a8-9609-46d5-a0e4-f87f387197f8:2|TERMINATED|1705036510293
9b98b0a4-5fb7-4f33-b4a5-c9678e22e3a2:2|TERMINATED|1705036510305
7e145cc8-40e9-4e63-a08c-7bba22208d21:2|COMMITTING|1705036510302
7e145cc8-40e9-4e63-a08c-7bba22208d21:2|COMMITTING|1705036510352
7e145cc8-40e9-4e63-a08c-7bba22208d21:2|COMMITTED|1705036510356
6d9a8186-c5f5-4ca6-ad3f-94839e306bf9:2|STARTING|1705036510362
7e145cc8-40e9-4e63-a08c-7bba22208d21:2|TERMINATED|1705036510365
6d9a8186-c5f5-4ca6-ad3f-94839e306bf9:2|PREPARING|1705036510466
6d9a8186-c5f5-4ca6-ad3f-94839e306bf9:2|COMMITTING|1705036510468
6d9a8186-c5f5-4ca6-ad3f-94839e306bf9:2|COMMITTING|1705036510469
6d9a8186-c5f5-4ca6-ad3f-94839e306bf9:2|COMMITTED|1705036510473
9f93244e-f9d2-4fe0-9936-46c2f5d67bbf:2|STARTING|1705036510476
6d9a8186-c5f5-4ca6-ad3f-94839e306bf9:2|TERMINATED|1705036510491
9f93244e-f9d2-4fe0-9936-46c2f5d67bbf:2|PREPARING|1705036510498
9f93244e-f9d2-4fe0-9936-46c2f5d67bbf:2|COMMITTING|1705036510512
9f93244e-f9d2-4fe0-9936-46c2f5d67bbf:2|COMMITTING|1705036510535
9f93244e-f9d2-4fe0-9936-46c2f5d67bbf:2|COMMITTED|1705036510537
8f1929af-769d-49d6-88d1-759d89d71bd7:2|STARTING|1705036510539
8f1929af-769d-49d6-88d1-759d89d71bd7:2|PREPARING|1705036510544
8f1929af-769d-49d6-88d1-759d89d71bd7:2|COMMITTING|1705036510545
8f1929af-769d-49d6-88d1-759d89d71bd7:2|COMMITTING|1705036510546
8f1929af-769d-49d6-88d1-759d89d71bd7:2|COMMITTED|1705036510547
e36a7499-b740-4628-983b-edb080b99e57:2|STARTING|1705036510548
8f1929af-769d-49d6-88d1-759d89d71bd7:2|TERMINATED|1705036510549
9f93244e-f9d2-4fe0-9936-46c2f5d67bbf:2|TERMINATED|1705036510550
e36a7499-b740-4628-983b-edb080b99e57:2|PREPARING|1705036510583
e36a7499-b740-4628-983b-edb080b99e57:2|COMMITTING|1705036510609
e36a7499-b740-4628-983b-edb080b99e57:2|COMMITTING|1705036510617
e36a7499-b740-4628-983b-edb080b99e57:2|COMMITTED|1705036510620
e36a7499-b740-4628-983b-edb080b99e57:2|TERMINATED|1705036510625
e3f1fd72-415f-4a05-be9f-1099b8ff2b48:1|STARTING|1705036510629
e3f1fd72-415f-4a05-be9f-1099b8ff2b48:1|PREPARING|1705036510630
e3f1fd72-415f-4a05-be9f-1099b8ff2b48:1|COMMITTING|1705036510632
e3f1fd72-415f-4a05-be9f-1099b8ff2b48:1|COMMITTING|1705036510633
e3f1fd72-415f-4a05-be9f-1099b8ff2b48:1|COMMITTED|1705036510644
e3f1fd72-415f-4a05-be9f-1099b8ff2b48:1|TERMINATED|1705036510647
9942e5b0-4730-4e29-acb7-20f68bbd5e76:1|STARTING|1705036510652
9942e5b0-4730-4e29-acb7-20f68bbd5e76:1|PREPARING|1705036510653
9942e5b0-4730-4e29-acb7-20f68bbd5e76:1|COMMITTING|1705036510654
9942e5b0-4730-4e29-acb7-20f68bbd5e76:1|COMMITTING|1705036510656
9942e5b0-4730-4e29-acb7-20f68bbd5e76:1|COMMITTED|1705036510665
9942e5b0-4730-4e29-acb7-20f68bbd5e76:1|TERMINATED|1705036510666
143c8186-ad3e-494b-810d-ee8a73f26fc0:2|STARTING|1705036510672
143c8186-ad3e-494b-810d-ee8a73f26fc0:2|PREPARING|1705036510675
143c8186-ad3e-494b-810d-ee8a73f26fc0:2|COMMITTING|1705036510678
143c8186-ad3e-494b-810d-ee8a73f26fc0:2|COMMITTING|1705036510679
143c8186-ad3e-494b-810d-ee8a73f26fc0:2|COMMITTED|1705036510685
143c8186-ad3e-494b-810d-ee8a73f26fc0:2|TERMINATED|1705036510685
e3396d0b-f68a-4548-982c-225f3c08130f:1|STARTING|1705036510692
e3396d0b-f68a-4548-982c-225f3c08130f:1|PREPARING|1705036510747
e3396d0b-f68a-4548-982c-225f3c08130f:1|COMMITTING|1705036510752
e3396d0b-f68a-4548-982c-225f3c08130f:1|COMMITTING|1705036510760
e3396d0b-f68a-4548-982c-225f3c08130f:1|COMMITTED|1705036510781
e3396d0b-f68a-4548-982c-225f3c08130f:1|TERMINATED|1705036510783
8c7746a9-3869-4dd5-925e-659ea9d416ea:2|STARTING|1705036510786
8c7746a9-3869-4dd5-925e-659ea9d416ea:2|PREPARING|1705036511045
8c7746a9-3869-4dd5-925e-659ea9d416ea:2|COMMITTING|1705036511050
8c7746a9-3869-4dd5-925e-659ea9d416ea:2|COMMITTING|1705036511059
8c7746a9-3869-4dd5-925e-659ea9d416ea:2|COMMITTED|1705036511072
8c7746a9-3869-4dd5-925e-659ea9d416ea:2|TERMINATED|1705036511076
1f88563d-066a-49bc-bd7c-05e6c4eb119e:1|STARTING|1705036511078
1f88563d-066a-49bc-bd7c-05e6c4eb119e:1|PREPARING|1705036511241
1f88563d-066a-49bc-bd7c-05e6c4eb119e:1|COMMITTING|1705036511260
1f88563d-066a-49bc-bd7c-05e6c4eb119e:1|COMMITTING|1705036511261
1f88563d-066a-49bc-bd7c-05e6c4eb119e:1|COMMITTED|1705036511286
1f88563d-066a-49bc-bd7c-05e6c4eb119e:1|TERMINATED|1705036511290
452c6122-15db-43a2-a54e-6d9a7aee6984:2|STARTING|1705036511290
452c6122-15db-43a2-a54e-6d9a7aee6984:2|PREPARING|1705036511383
452c6122-15db-43a2-a54e-6d9a7aee6984:2|COMMITTING|1705036511385
452c6122-15db-43a2-a54e-6d9a7aee6984:2|COMMITTING|1705036511386
452c6122-15db-43a2-a54e-6d9a7aee6984:2|COMMITTED|1705036511436
452c6122-15db-43a2-a54e-6d9a7aee6984:2|TERMINATED|1705036511444
40e2a7e2-cff6-4593-a89a-0936b7224b02:1|STARTING|1705036511459
40e2a7e2-cff6-4593-a89a-0936b7224b02:1|PREPARING|1705036511463
40e2a7e2-cff6-4593-a89a-0936b7224b02:1|COMMITTING|1705036511466
40e2a7e2-cff6-4593-a89a-0936b7224b02:1|COMMITTING|1705036511515
40e2a7e2-cff6-4593-a89a-0936b7224b02:1|COMMITTED|1705036511609
40e2a7e2-cff6-4593-a89a-0936b7224b02:1|TERMINATED|1705036511610
ff455f7a-0b19-4c56-9c48-6069f50d458c:1|STARTING|1705036511616
ff455f7a-0b19-4c56-9c48-6069f50d458c:1|PREPARING|1705036511617
ff455f7a-0b19-4c56-9c48-6069f50d458c:1|COMMITTING|1705036511618
ff455f7a-0b19-4c56-9c48-6069f50d458c:1|COMMITTING|1705036511622
ff455f7a-0b19-4c56-9c48-6069f50d458c:1|COMMITTED|1705036511627
ff455f7a-0b19-4c56-9c48-6069f50d458c:1|TERMINATED|1705036511628
4cb3b852-aed5-49cd-98d1-26c6adefb87b:1|STARTING|1705036511632
4cb3b852-aed5-49cd-98d1-26c6adefb87b:1|PREPARING|1705036511633
4cb3b852-aed5-49cd-98d1-26c6adefb87b:1|COMMITTING|1705036511633
4cb3b852-aed5-49cd-98d1-26c6adefb87b:1|COMMITTING|1705036511634
4cb3b852-aed5-49cd-98d1-26c6adefb87b:1|COMMITTED|1705036511645
4cb3b852-aed5-49cd-98d1-26c6adefb87b:1|TERMINATED|1705036511647
9526fb11-2c80-41c3-a687-5559f9577ab3:1|STARTING|1705036511648
9526fb11-2c80-41c3-a687-5559f9577ab3:1|PREPARING|1705036511652
9526fb11-2c80-41c3-a687-5559f9577ab3:1|COMMITTING|1705036511656
9526fb11-2c80-41c3-a687-5559f9577ab3:1|COMMITTING|1705036511659
9526fb11-2c80-41c3-a687-5559f9577ab3:1|COMMITTED|1705036511666
9526fb11-2c80-41c3-a687-5559f9577ab3:1|TERMINATED|1705036511667
1fabff09-58a9-4ad6-9ca5-d9c252749794:1|STARTING|1705036511673
1fabff09-58a9-4ad6-9ca5-d9c252749794:1|PREPARING|1705036511674
1fabff09-58a9-4ad6-9ca5-d9c252749794:1|COMMITTING|1705036511676
1fabff09-58a9-4ad6-9ca5-d9c252749794:1|COMMITTING|1705036511677
1fabff09-58a9-4ad6-9ca5-d9c252749794:1|COMMITTED|1705036511681
a99e364a-71be-4b92-be3a-1da3d33a106c:1|STARTING|1705036511685
1fabff09-58a9-4ad6-9ca5-d9c252749794:1|TERMINATED|1705036511740
a99e364a-71be-4b92-be3a-1da3d33a106c:1|PREPARING|1705036511810
a99e364a-71be-4b92-be3a-1da3d33a106c:1|COMMITTING|1705036511879
a99e364a-71be-4b92-be3a-1da3d33a106c:1|COMMITTING|1705036511880
a99e364a-71be-4b92-be3a-1da3d33a106c:1|COMMITTED|1705036511898
a99e364a-71be-4b92-be3a-1da3d33a106c:1|TERMINATED|1705036511900
611fec79-17b0-4dae-a3fd-8190f250ae9e:1|STARTING|1705036511908
611fec79-17b0-4dae-a3fd-8190f250ae9e:1|PREPARING|1705036511910
611fec79-17b0-4dae-a3fd-8190f250ae9e:1|COMMITTING|1705036511912
611fec79-17b0-4dae-a3fd-8190f250ae9e:1|COMMITTING|1705036511913
611fec79-17b0-4dae-a3fd-8190f250ae9e:1|COMMITTED|1705036511927
611fec79-17b0-4dae-a3fd-8190f250ae9e:1|TERMINATED|1705036511928
901de999-b194-45ca-89a8-f5a2530bb668:1|STARTING|1705036511947
901de999-b194-45ca-89a8-f5a2530bb668:1|PREPARING|1705036511948
901de999-b194-45ca-89a8-f5a2530bb668:1|COMMITTING|1705036511949
901de999-b194-45ca-89a8-f5a2530bb668:1|COMMITTING|1705036511950
901de999-b194-45ca-89a8-f5a2530bb668:1|COMMITTED|1705036512095
901de999-b194-45ca-89a8-f5a2530bb668:1|TERMINATED|1705036512097
3a76275d-a31a-48a2-8c62-ecc033dd6aa7:1|STARTING|1705036512109
3a76275d-a31a-48a2-8c62-ecc033dd6aa7:1|PREPARING|1705036512113
3a76275d-a31a-48a2-8c62-ecc033dd6aa7:1|COMMITTING|1705036512117
3a76275d-a31a-48a2-8c62-ecc033dd6aa7:1|COMMITTING|1705036512252
3a76275d-a31a-48a2-8c62-ecc033dd6aa7:1|COMMITTED|1705036512283
3a76275d-a31a-48a2-8c62-ecc033dd6aa7:1|TERMINATED|1705036512286
ca40591b-b575-40ce-824a-f0f250ff13b2:2|STARTING|1705036512812
ca40591b-b575-40ce-824a-f0f250ff13b2:2|PREPARING|1705036512959
ca40591b-b575-40ce-824a-f0f250ff13b2:2|COMMITTING|1705036513143
ca40591b-b575-40ce-824a-f0f250ff13b2:2|COMMITTING|1705036513299
ca40591b-b575-40ce-824a-f0f250ff13b2:2|COMMITTED|1705036513540
ca40591b-b575-40ce-824a-f0f250ff13b2:2|TERMINATED|1705036513541
28cd318a-013f-43b9-96fa-43f543017164:2|STARTING|1705036513542
28cd318a-013f-43b9-96fa-43f543017164:2|PREPARING|1705036513560
28cd318a-013f-43b9-96fa-43f543017164:2|COMMITTING|1705036513561
28cd318a-013f-43b9-96fa-43f543017164:2|COMMITTING|1705036513563
28cd318a-013f-43b9-96fa-43f543017164:2|COMMITTED|1705036513629
c71d228a-0a1a-4800-a394-070c2efa2150:1|STARTING|1705036513660
28cd318a-013f-43b9-96fa-43f543017164:2|TERMINATED|1705036513687
c71d228a-0a1a-4800-a394-070c2efa2150:1|PREPARING|1705036513813
c71d228a-0a1a-4800-a394-070c2efa2150:1|COMMITTING|1705036513859
c71d228a-0a1a-4800-a394-070c2efa2150:1|COMMITTING|1705036513879
c71d228a-0a1a-4800-a394-070c2efa2150:1|COMMITTED|1705036514346
c71d228a-0a1a-4800-a394-070c2efa2150:1|TERMINATED|1705036514349
f561a96e-aab9-4bbe-bf3f-235922caeb80:2|STARTING|1705036514384
f561a96e-aab9-4bbe-bf3f-235922caeb80:2|PREPARING|1705036514610
f561a96e-aab9-4bbe-bf3f-235922caeb80:2|COMMITTING|1705036514613
f561a96e-aab9-4bbe-bf3f-235922caeb80:2|COMMITTING|1705036514615
f561a96e-aab9-4bbe-bf3f-235922caeb80:2|COMMITTED|1705036515456
f561a96e-aab9-4bbe-bf3f-235922caeb80:2|TERMINATED|1705036517561
22e7670b-9bc9-407c-9d18-1b1267a284c2:2|STARTING|1705036520333
22e7670b-9bc9-407c-9d18-1b1267a284c2:2|PREPARING|1705036520550
22e7670b-9bc9-407c-9d18-1b1267a284c2:2|COMMITTING|1705036522748
22e7670b-9bc9-407c-9d18-1b1267a284c2:2|COMMITTING|1705036523336
22e7670b-9bc9-407c-9d18-1b1267a284c2:2|COMMITTED|1705036525483
22e7670b-9bc9-407c-9d18-1b1267a284c2:2|TERMINATED|1705036527672
a9e6e320-2d96-482f-b009-fcb86515cb6e:1|STARTING|1705036528782
a9e6e320-2d96-482f-b009-fcb86515cb6e:1|PREPARING|1705036528792
a9e6e320-2d96-482f-b009-fcb86515cb6e:1|COMMITTING|1705036530089
a9e6e320-2d96-482f-b009-fcb86515cb6e:1|COMMITTING|1705036530090
a9e6e320-2d96-482f-b009-fcb86515cb6e:1|COMMITTED|1705036530834
a9e6e320-2d96-482f-b009-fcb86515cb6e:1|TERMINATED|1705036531419
7fc95743-c35d-4889-b22c-f1ba16ce484c:1|STARTING|1705036531427
7fc95743-c35d-4889-b22c-f1ba16ce484c:1|PREPARING|1705036531816
7fc95743-c35d-4889-b22c-f1ba16ce484c:1|COMMITTING|1705036532043
7fc95743-c35d-4889-b22c-f1ba16ce484c:1|COMMITTING|1705036532046
7fc95743-c35d-4889-b22c-f1ba16ce484c:1|COMMITTED|1705036532797
7fc95743-c35d-4889-b22c-f1ba16ce484c:1|TERMINATED|1705036532986
6a442e28-3627-4579-8f3c-fb74ba36443f:2|STARTING|1705036533242
6a442e28-3627-4579-8f3c-fb74ba36443f:2|PREPARING|1705036533243
6a442e28-3627-4579-8f3c-fb74ba36443f:2|COMMITTING|1705036543263
bc2e2224-bf9e-4928-9668-842ff47a6eac:2|ABORTING|1705036543268
aece67b4-da14-47ef-9320-4bc05a109482:2|ABORTING|1705036543268
3055d047-52eb-4806-a579-b570fdc27b5f:2|ABORTING|1705036543268
6a442e28-3627-4579-8f3c-fb74ba36443f:2|COMMITTING|1705036543268
7d77cc0e-b1f4-40a1-b65a-d107a6d510fd:2|ABORTING|1705036543268
564e336b-a0f9-4bf7-9b65-069f95a12c36:2|ABORTING|1705036543268
cc6e1d8e-d7d1-447d-aa98-10fb1e00760d:2|ABORTING|1705036543268
70b708cf-5b00-4996-97a8-02e8e59066fa:2|ABORTING|1705036543268
f7a32f0e-1ea2-4dce-a5b0-9d2d931e32dd:2|ABORTING|1705036543268
564e336b-a0f9-4bf7-9b65-069f95a12c36:2|TERMINATED|1705036543456
bc2e2224-bf9e-4928-9668-842ff47a6eac:2|TERMINATED|1705036543316
3055d047-52eb-4806-a579-b570fdc27b5f:2|TERMINATED|1705036543293
aece67b4-da14-47ef-9320-4bc05a109482:2|TERMINATED|1705036543283
cc6e1d8e-d7d1-447d-aa98-10fb1e00760d:2|TERMINATED|1705036543499
f7a32f0e-1ea2-4dce-a5b0-9d2d931e32dd:2|TERMINATED|1705036543463
70b708cf-5b00-4996-97a8-02e8e59066fa:2|TERMINATED|1705036543459
7d77cc0e-b1f4-40a1-b65a-d107a6d510fd:2|TERMINATED|1705036543727
6a442e28-3627-4579-8f3c-fb74ba36443f:2|COMMITTED|1705036543733
9d47262f-879f-4590-9c70-b9f2c8b8a2e0:2|STARTING|1705036543814
9d47262f-879f-4590-9c70-b9f2c8b8a2e0:2|PREPARING|1705036543848
9d47262f-879f-4590-9c70-b9f2c8b8a2e0:2|COMMITTING|1705036543851
9d47262f-879f-4590-9c70-b9f2c8b8a2e0:2|COMMITTING|1705036543857
9d47262f-879f-4590-9c70-b9f2c8b8a2e0:2|COMMITTED|1705036543862
9d47262f-879f-4590-9c70-b9f2c8b8a2e0:2|TERMINATED|1705036543866
6a442e28-3627-4579-8f3c-fb74ba36443f:2|TERMINATED|1705036543881
5346c462-19d1-468b-b6c4-b3652d823de2:1|STARTING|1705036543892
5346c462-19d1-468b-b6c4-b3652d823de2:1|PREPARING|1705036543959
5346c462-19d1-468b-b6c4-b3652d823de2:1|COMMITTING|1705036543961
5346c462-19d1-468b-b6c4-b3652d823de2:1|COMMITTING|1705036543965
5346c462-19d1-468b-b6c4-b3652d823de2:1|COMMITTED|1705036543983
51f52088-657a-4bef-acb9-5696cdcfe7b6:1|STARTING|1705036544016
51f52088-657a-4bef-acb9-5696cdcfe7b6:1|PREPARING|1705036544018
5346c462-19d1-468b-b6c4-b3652d823de2:1|TERMINATED|1705036544018
51f52088-657a-4bef-acb9-5696cdcfe7b6:1|COMMITTING|1705036544159
51f52088-657a-4bef-acb9-5696cdcfe7b6:1|COMMITTING|1705036544166
51f52088-657a-4bef-acb9-5696cdcfe7b6:1|COMMITTED|1705036544551
51f52088-657a-4bef-acb9-5696cdcfe7b6:1|TERMINATED|1705036544553
614361b1-fb6a-479b-9a96-039eaa5ab730:2|STARTING|1705036544553
614361b1-fb6a-479b-9a96-039eaa5ab730:2|PREPARING|1705036544640
614361b1-fb6a-479b-9a96-039eaa5ab730:2|COMMITTING|1705036544641
614361b1-fb6a-479b-9a96-039eaa5ab730:2|COMMITTING|1705036544643
614361b1-fb6a-479b-9a96-039eaa5ab730:2|COMMITTED|1705036544648
614361b1-fb6a-479b-9a96-039eaa5ab730:2|TERMINATED|1705036544649
92e3f043-d4ec-4dc9-ad98-67d6444c0ce9:2|STARTING|1705036544649
92e3f043-d4ec-4dc9-ad98-67d6444c0ce9:2|PREPARING|1705036544692
92e3f043-d4ec-4dc9-ad98-67d6444c0ce9:2|COMMITTING|1705036544695
92e3f043-d4ec-4dc9-ad98-67d6444c0ce9:2|COMMITTING|1705036544698
92e3f043-d4ec-4dc9-ad98-67d6444c0ce9:2|COMMITTED|1705036544700
92e3f043-d4ec-4dc9-ad98-67d6444c0ce9:2|TERMINATED|1705036544701
6a6cd21f-6b36-40ab-a3fa-d322b1ce184e:1|STARTING|1705036544705
6a6cd21f-6b36-40ab-a3fa-d322b1ce184e:1|PREPARING|1705036544724
6a6cd21f-6b36-40ab-a3fa-d322b1ce184e:1|COMMITTING|1705036544725
6a6cd21f-6b36-40ab-a3fa-d322b1ce184e:1|COMMITTING|1705036544727
6a6cd21f-6b36-40ab-a3fa-d322b1ce184e:1|COMMITTED|1705036544735
16c9c535-77fc-45a1-bf4d-eda0ea2f3e39:1|STARTING|1705036544739
6a6cd21f-6b36-40ab-a3fa-d322b1ce184e:1|TERMINATED|1705036544741
16c9c535-77fc-45a1-bf4d-eda0ea2f3e39:1|PREPARING|1705036544744
16c9c535-77fc-45a1-bf4d-eda0ea2f3e39:1|COMMITTING|1705036544748
16c9c535-77fc-45a1-bf4d-eda0ea2f3e39:1|COMMITTING|1705036544750
16c9c535-77fc-45a1-bf4d-eda0ea2f3e39:1|COMMITTED|1705036544767
16c9c535-77fc-45a1-bf4d-eda0ea2f3e39:1|TERMINATED|1705036544772
a0476927-9e10-430b-8ed3-9113aebd19f8:1|STARTING|1705036544774
a0476927-9e10-430b-8ed3-9113aebd19f8:1|PREPARING|1705036544806
a0476927-9e10-430b-8ed3-9113aebd19f8:1|COMMITTING|1705036544814
a0476927-9e10-430b-8ed3-9113aebd19f8:1|COMMITTING|1705036544815
a0476927-9e10-430b-8ed3-9113aebd19f8:1|COMMITTED|1705036544829
a0476927-9e10-430b-8ed3-9113aebd19f8:1|TERMINATED|1705036544830
e35fac41-dad9-4d5c-8b92-571bd10a7ffa:1|STARTING|1705036544834
e35fac41-dad9-4d5c-8b92-571bd10a7ffa:1|PREPARING|1705036544835
e35fac41-dad9-4d5c-8b92-571bd10a7ffa:1|COMMITTING|1705036544840
e35fac41-dad9-4d5c-8b92-571bd10a7ffa:1|COMMITTING|1705036544840
e35fac41-dad9-4d5c-8b92-571bd10a7ffa:1|COMMITTED|1705036544856
0916a39a-deb6-4a77-add7-50b5b0709afd:1|STARTING|1705036544859
e35fac41-dad9-4d5c-8b92-571bd10a7ffa:1|TERMINATED|1705036544861
0916a39a-deb6-4a77-add7-50b5b0709afd:1|PREPARING|1705036544863
0916a39a-deb6-4a77-add7-50b5b0709afd:1|COMMITTING|1705036544866
0916a39a-deb6-4a77-add7-50b5b0709afd:1|COMMITTING|1705036544867
0916a39a-deb6-4a77-add7-50b5b0709afd:1|COMMITTED|1705036544874
0916a39a-deb6-4a77-add7-50b5b0709afd:1|TERMINATED|1705036544875
b5db13da-4d1b-4b8c-ade1-de8c251642e6:1|STARTING|1705036544880
b5db13da-4d1b-4b8c-ade1-de8c251642e6:1|PREPARING|1705036544882
b5db13da-4d1b-4b8c-ade1-de8c251642e6:1|COMMITTING|1705036544885
b5db13da-4d1b-4b8c-ade1-de8c251642e6:1|COMMITTING|1705036544886
b5db13da-4d1b-4b8c-ade1-de8c251642e6:1|COMMITTED|1705036544895
b5db13da-4d1b-4b8c-ade1-de8c251642e6:1|TERMINATED|1705036544896
b09ff930-06e8-4045-86cb-7c4cdf0dd5aa:1|STARTING|1705036544897
b09ff930-06e8-4045-86cb-7c4cdf0dd5aa:1|PREPARING|1705036544901
b09ff930-06e8-4045-86cb-7c4cdf0dd5aa:1|COMMITTING|1705036544903
b09ff930-06e8-4045-86cb-7c4cdf0dd5aa:1|COMMITTING|1705036544906
b09ff930-06e8-4045-86cb-7c4cdf0dd5aa:1|COMMITTED|1705036544925
b09ff930-06e8-4045-86cb-7c4cdf0dd5aa:1|TERMINATED|1705036544928
e1c14148-a4e1-418e-b824-d3a4bc80c1b6:1|STARTING|1705036544929
e1c14148-a4e1-418e-b824-d3a4bc80c1b6:1|PREPARING|1705036544994
e1c14148-a4e1-418e-b824-d3a4bc80c1b6:1|COMMITTING|1705036545009
e1c14148-a4e1-418e-b824-d3a4bc80c1b6:1|COMMITTING|1705036545011
e1c14148-a4e1-418e-b824-d3a4bc80c1b6:1|COMMITTED|1705036545018
e1c14148-a4e1-418e-b824-d3a4bc80c1b6:1|TERMINATED|1705036545020
dd2c590a-0aca-4b5d-8204-25b5c3e4355a:1|STARTING|1705036545024
dd2c590a-0aca-4b5d-8204-25b5c3e4355a:1|PREPARING|1705036545069
dd2c590a-0aca-4b5d-8204-25b5c3e4355a:1|COMMITTING|1705036545076
dd2c590a-0aca-4b5d-8204-25b5c3e4355a:1|COMMITTING|1705036545079
dd2c590a-0aca-4b5d-8204-25b5c3e4355a:1|COMMITTED|1705036545088
dd2c590a-0aca-4b5d-8204-25b5c3e4355a:1|TERMINATED|1705036545090
edd23ff7-fa2e-44f5-9fa6-4128216d6ce6:1|STARTING|1705036545091
edd23ff7-fa2e-44f5-9fa6-4128216d6ce6:1|PREPARING|1705036545092
edd23ff7-fa2e-44f5-9fa6-4128216d6ce6:1|COMMITTING|1705036545093
edd23ff7-fa2e-44f5-9fa6-4128216d6ce6:1|COMMITTING|1705036545094
edd23ff7-fa2e-44f5-9fa6-4128216d6ce6:1|COMMITTED|1705036545100
edd23ff7-fa2e-44f5-9fa6-4128216d6ce6:1|TERMINATED|1705036545101
f88e3651-f3ea-462a-96c9-d99530f00af1:1|STARTING|1705036545103
f88e3651-f3ea-462a-96c9-d99530f00af1:1|PREPARING|1705036545105
f88e3651-f3ea-462a-96c9-d99530f00af1:1|COMMITTING|1705036545107
f88e3651-f3ea-462a-96c9-d99530f00af1:1|COMMITTING|1705036545108
f88e3651-f3ea-462a-96c9-d99530f00af1:1|COMMITTED|1705036545113
f88e3651-f3ea-462a-96c9-d99530f00af1:1|TERMINATED|1705036545114
8d6e9a08-35f5-44d4-b769-c93e98d6f7ef:2|STARTING|1705036545117
8d6e9a08-35f5-44d4-b769-c93e98d6f7ef:2|PREPARING|1705036545118
8d6e9a08-35f5-44d4-b769-c93e98d6f7ef:2|COMMITTING|1705036545119
8d6e9a08-35f5-44d4-b769-c93e98d6f7ef:2|COMMITTING|1705036545131
8d6e9a08-35f5-44d4-b769-c93e98d6f7ef:2|COMMITTED|1705036545135
8d6e9a08-35f5-44d4-b769-c93e98d6f7ef:2|TERMINATED|1705036545136
dc011c2a-cc88-4bdd-a18e-da1f3ff29564:1|STARTING|1705036545141
dc011c2a-cc88-4bdd-a18e-da1f3ff29564:1|PREPARING|1705036545141
dc011c2a-cc88-4bdd-a18e-da1f3ff29564:1|COMMITTING|1705036545142
dc011c2a-cc88-4bdd-a18e-da1f3ff29564:1|COMMITTING|1705036545143
dc011c2a-cc88-4bdd-a18e-da1f3ff29564:1|COMMITTED|1705036545152
dc011c2a-cc88-4bdd-a18e-da1f3ff29564:1|TERMINATED|1705036545158
ab6321a2-6462-478a-b4ec-43918b6d7297:2|STARTING|1705036545158
ab6321a2-6462-478a-b4ec-43918b6d7297:2|PREPARING|1705036545271
ab6321a2-6462-478a-b4ec-43918b6d7297:2|COMMITTING|1705036545274
ab6321a2-6462-478a-b4ec-43918b6d7297:2|COMMITTING|1705036545275
ab6321a2-6462-478a-b4ec-43918b6d7297:2|ABORTING|1705036545288
ab6321a2-6462-478a-b4ec-43918b6d7297:2|TERMINATED|1705036545289
